<?xml version="1.0" encoding="UTF-8"?>
<!-- Generated by org.testng.reporters.JUnitXMLReporter -->
<testsuite hostname="LENOVO" name="Default test" tests="3" failures="0" timestamp="20 Mar 2023 18:29:32 GMT" time="254.381" errors="0">
  <testcase name="runScenario" time="67.665" classname="cucumber.Options.TestRunner"/>
  <testcase name="runScenario" time="57.096" classname="cucumber.Options.TestRunner"/>
  <testcase name="runScenario" time="52.981" classname="cucumber.Options.TestRunner"/>
</testsuite> <!-- Default test -->
